2023-02-05 10:52:49,991 [INFO ] step_definitions.common_step_definition [main] Instantiation the commonutils
2023-02-05 10:52:50,005 [INFO ] step_definitions.common_step_definition [main] Launch Browser
2023-02-05 10:52:58,343 [INFO ] step_definitions.Array_Stepdef [main] User logged in sucessfully
2023-02-05 10:52:58,870 [INFO ] step_definitions.Array_Stepdef [main] User clicked Applications of Array page link
2023-02-05 10:52:59,433 [INFO ] step_definitions.Array_Stepdef [main] User clicked practice question page
2023-02-05 10:53:00,611 [INFO ] step_definitions.Array_Stepdef [main] User clicked Find Numbers with Even Number of Digits link
2023-02-05 10:53:00,631 [INFO ] step_definitions.Array_Stepdef [main] User in question page
2023-02-05 10:53:00,632 [INFO ] step_definitions.Array_Stepdef [main] send text to editor print('dsalgo project test')
2023-02-05 10:53:00,639 [INFO ] step_definitions.Array_Stepdef [main] Arraylist count :0
2023-02-05 10:57:42,630 [INFO ] step_definitions.common_step_definition [main] Instantiation the commonutils
2023-02-05 10:57:42,664 [INFO ] step_definitions.common_step_definition [main] Launch Browser
2023-02-05 10:58:02,818 [INFO ] step_definitions.Array_Stepdef [main] User logged in sucessfully
2023-02-05 10:58:03,033 [INFO ] step_definitions.Array_Stepdef [main] User clicked Applications of Array page link
2023-02-05 10:58:03,207 [INFO ] step_definitions.Array_Stepdef [main] User clicked practice question page
2023-02-05 10:58:03,792 [INFO ] step_definitions.Array_Stepdef [main] User clicked Find Numbers with Even Number of Digits link
2023-02-05 10:58:03,806 [INFO ] step_definitions.Array_Stepdef [main] User in question page
2023-02-05 10:58:03,807 [INFO ] step_definitions.Array_Stepdef [main] send text to editor print('dsalgo project test')
2023-02-05 10:59:04,249 [INFO ] step_definitions.Array_Stepdef [main] Arraylist count :0
2023-02-05 11:02:15,485 [INFO ] step_definitions.common_step_definition [main] Instantiation the commonutils
2023-02-05 11:02:15,490 [INFO ] step_definitions.common_step_definition [main] Launch Browser
2023-02-05 11:02:18,616 [INFO ] step_definitions.Array_Stepdef [main] User logged in sucessfully
2023-02-05 11:02:18,818 [INFO ] step_definitions.Array_Stepdef [main] User clicked Applications of Array page link
2023-02-05 11:02:18,974 [INFO ] step_definitions.Array_Stepdef [main] User clicked practice question page
2023-02-05 11:02:19,510 [INFO ] step_definitions.Array_Stepdef [main] User clicked Find Numbers with Even Number of Digits link
2023-02-05 11:02:19,518 [INFO ] step_definitions.Array_Stepdef [main] User in question page
2023-02-05 11:02:19,518 [INFO ] step_definitions.Array_Stepdef [main] send text to editor print('dsalgo project test')
2023-02-05 11:02:19,522 [INFO ] step_definitions.Array_Stepdef [main] Arraylist count :0
2023-02-05 11:04:41,395 [INFO ] step_definitions.common_step_definition [main] Instantiation the commonutils
2023-02-05 11:04:41,399 [INFO ] step_definitions.common_step_definition [main] Launch Browser
2023-02-05 11:04:44,452 [INFO ] step_definitions.Array_Stepdef [main] User logged in sucessfully
2023-02-05 11:04:44,653 [INFO ] step_definitions.Array_Stepdef [main] User clicked Applications of Array page link
2023-02-05 11:04:44,811 [INFO ] step_definitions.Array_Stepdef [main] User clicked practice question page
2023-02-05 11:04:45,376 [INFO ] step_definitions.Array_Stepdef [main] User clicked Find Numbers with Even Number of Digits link
2023-02-05 11:04:45,382 [INFO ] step_definitions.Array_Stepdef [main] User in question page
2023-02-05 11:04:45,382 [INFO ] step_definitions.Array_Stepdef [main] send text to editor print('dsalgo project test')
2023-02-05 11:04:45,385 [INFO ] step_definitions.Array_Stepdef [main] Arraylist count :0
2023-02-05 11:11:02,606 [INFO ] step_definitions.common_step_definition [main] Instantiation the commonutils
2023-02-05 11:11:02,614 [INFO ] step_definitions.common_step_definition [main] Launch Browser
2023-02-05 11:11:06,437 [INFO ] step_definitions.Array_Stepdef [main] User logged in sucessfully
2023-02-05 11:11:06,673 [INFO ] step_definitions.Array_Stepdef [main] User clicked Applications of Array page link
2023-02-05 11:11:06,838 [INFO ] step_definitions.Array_Stepdef [main] User clicked practice question page
2023-02-05 11:11:07,429 [INFO ] step_definitions.Array_Stepdef [main] User clicked Find Numbers with Even Number of Digits link
2023-02-05 11:11:07,437 [INFO ] step_definitions.Array_Stepdef [main] User in question page
2023-02-05 11:11:07,437 [INFO ] step_definitions.Array_Stepdef [main] send text to editor print('dsalgo project test')
2023-02-05 11:12:24,118 [INFO ] step_definitions.common_step_definition [main] Instantiation the commonutils
2023-02-05 11:12:24,122 [INFO ] step_definitions.common_step_definition [main] Launch Browser
2023-02-05 11:12:27,156 [INFO ] step_definitions.Array_Stepdef [main] User logged in sucessfully
2023-02-05 11:12:27,389 [INFO ] step_definitions.Array_Stepdef [main] User clicked Applications of Array page link
2023-02-05 11:12:27,557 [INFO ] step_definitions.Array_Stepdef [main] User clicked practice question page
2023-02-05 11:12:28,080 [INFO ] step_definitions.Array_Stepdef [main] User clicked Find Numbers with Even Number of Digits link
2023-02-05 11:12:28,091 [INFO ] step_definitions.Array_Stepdef [main] User in question page
2023-02-05 11:12:28,091 [INFO ] step_definitions.Array_Stepdef [main] send text to editor print('dsalgo project test')
2023-02-05 11:12:28,094 [INFO ] step_definitions.Array_Stepdef [main] Arraylist count :0
2023-02-05 11:13:51,500 [INFO ] step_definitions.common_step_definition [main] Instantiation the commonutils
2023-02-05 11:13:51,504 [INFO ] step_definitions.common_step_definition [main] Launch Browser
2023-02-05 11:13:54,538 [INFO ] step_definitions.Array_Stepdef [main] User logged in sucessfully
2023-02-05 11:13:54,754 [INFO ] step_definitions.Array_Stepdef [main] User clicked Applications of Array page link
2023-02-05 11:13:54,906 [INFO ] step_definitions.Array_Stepdef [main] User clicked practice question page
2023-02-05 11:13:55,473 [INFO ] step_definitions.Array_Stepdef [main] User clicked Find Numbers with Even Number of Digits link
2023-02-05 11:13:55,480 [INFO ] step_definitions.Array_Stepdef [main] User in question page
2023-02-05 11:13:55,480 [INFO ] step_definitions.Array_Stepdef [main] send text to editor print('dsalgo project test')
2023-02-05 11:13:56,034 [INFO ] step_definitions.Array_Stepdef [main] Arraylist count :2
2023-02-05 11:24:51,201 [INFO ] step_definitions.common_step_definition [main] Instantiation the commonutils
2023-02-05 11:24:51,206 [INFO ] step_definitions.common_step_definition [main] Launch Browser
2023-02-05 11:24:54,821 [INFO ] step_definitions.Array_Stepdef [main] User logged in sucessfully
2023-02-05 11:24:55,014 [INFO ] step_definitions.Array_Stepdef [main] User clicked Applications of Array page link
2023-02-05 11:24:55,176 [INFO ] step_definitions.Array_Stepdef [main] User clicked practice question page
2023-02-05 11:24:55,730 [INFO ] step_definitions.Array_Stepdef [main] User clicked Find Numbers with Even Number of Digits link
2023-02-05 11:24:55,738 [INFO ] step_definitions.Array_Stepdef [main] User in question page
2023-02-05 11:24:55,738 [INFO ] step_definitions.Array_Stepdef [main] send text to editor print('dsalgo project test')
2023-02-05 11:24:56,181 [INFO ] step_definitions.Array_Stepdef [main] Arraylist count :2
2023-02-05 11:27:25,401 [INFO ] step_definitions.common_step_definition [main] Instantiation the commonutils
2023-02-05 11:27:25,404 [INFO ] step_definitions.common_step_definition [main] Launch Browser
2023-02-05 11:36:56,232 [INFO ] step_definitions.common_step_definition [main] Instantiation the commonutils
2023-02-05 11:36:56,235 [INFO ] step_definitions.common_step_definition [main] Launch Browser
2023-02-05 11:36:59,511 [INFO ] step_definitions.Array_Stepdef [main] User logged in sucessfully
2023-02-05 11:36:59,734 [INFO ] step_definitions.Array_Stepdef [main] User clicked Applications of Array page link
2023-02-05 11:36:59,891 [INFO ] step_definitions.Array_Stepdef [main] User clicked practice question page
2023-02-05 11:37:00,376 [INFO ] step_definitions.Array_Stepdef [main] User clicked Squares of a Sorted Array link
2023-02-05 11:37:00,386 [INFO ] step_definitions.Array_Stepdef [main] User in question page
2023-02-05 11:37:00,388 [INFO ] step_definitions.Array_Stepdef [main] send text to editor print('dsalgo project test')
2023-02-05 11:37:00,842 [INFO ] step_definitions.Array_Stepdef [main] Arraylist count :2
2023-02-05 11:38:59,477 [INFO ] step_definitions.common_step_definition [main] Instantiation the commonutils
2023-02-05 11:38:59,483 [INFO ] step_definitions.common_step_definition [main] Launch Browser
2023-02-05 11:39:04,609 [INFO ] step_definitions.Array_Stepdef [main] User logged in sucessfully
2023-02-05 11:39:04,872 [INFO ] step_definitions.Array_Stepdef [main] User clicked Arrays in Python
2023-02-05 11:39:04,880 [INFO ] step_definitions.Array_Stepdef [main] User in page arrays-in-python
2023-02-05 11:39:05,108 [INFO ] step_definitions.common_step_definition [main] Instantiation the commonutils
2023-02-05 11:39:05,109 [INFO ] step_definitions.common_step_definition [main] Launch Browser
2023-02-05 11:39:05,961 [INFO ] step_definitions.Array_Stepdef [main] User logged in sucessfully
2023-02-05 11:39:06,113 [INFO ] step_definitions.Array_Stepdef [main] User clicked Arrays in Python
2023-02-05 11:39:07,021 [INFO ] step_definitions.Array_Stepdef [main] User in tryEditor page
2023-02-05 11:39:07,252 [INFO ] step_definitions.common_step_definition [main] Instantiation the commonutils
2023-02-05 11:39:07,253 [INFO ] step_definitions.common_step_definition [main] Launch Browser
2023-02-05 11:39:10,187 [INFO ] step_definitions.Array_Stepdef [main] User logged in sucessfully
2023-02-05 11:39:10,399 [INFO ] step_definitions.Array_Stepdef [main] User clicked Arrays using List
2023-02-05 11:39:10,547 [INFO ] step_definitions.common_step_definition [main] Instantiation the commonutils
2023-02-05 11:39:10,548 [INFO ] step_definitions.common_step_definition [main] Launch Browser
2023-02-05 11:39:11,461 [INFO ] step_definitions.Array_Stepdef [main] User logged in sucessfully
2023-02-05 11:39:11,635 [INFO ] step_definitions.Array_Stepdef [main] User clicked Arrays using List
2023-02-05 11:39:12,285 [INFO ] step_definitions.Array_Stepdef [main] User in tryEditor page
2023-02-05 11:39:12,569 [INFO ] step_definitions.common_step_definition [main] Instantiation the commonutils
2023-02-05 11:39:12,569 [INFO ] step_definitions.common_step_definition [main] Launch Browser
2023-02-05 11:39:15,520 [INFO ] step_definitions.Array_Stepdef [main] User logged in sucessfully
2023-02-05 11:39:15,725 [INFO ] step_definitions.Array_Stepdef [main] User clicked Basic Operations in List
2023-02-05 11:39:15,736 [INFO ] step_definitions.Array_Stepdef [main] User in page basic-operations-in-lists
2023-02-05 11:39:15,937 [INFO ] step_definitions.common_step_definition [main] Instantiation the commonutils
2023-02-05 11:39:15,938 [INFO ] step_definitions.common_step_definition [main] Launch Browser
2023-02-05 11:39:16,865 [INFO ] step_definitions.Array_Stepdef [main] User logged in sucessfully
2023-02-05 11:39:17,021 [INFO ] step_definitions.Array_Stepdef [main] User clicked Basic Operations in List page link
2023-02-05 11:39:17,669 [INFO ] step_definitions.Array_Stepdef [main] User in tryEditor page
2023-02-05 11:39:17,984 [INFO ] step_definitions.common_step_definition [main] Instantiation the commonutils
2023-02-05 11:39:17,984 [INFO ] step_definitions.common_step_definition [main] Launch Browser
2023-02-05 11:39:20,991 [INFO ] step_definitions.Array_Stepdef [main] User logged in sucessfully
2023-02-05 11:39:21,227 [INFO ] step_definitions.Array_Stepdef [main] User clicked Applications of Array
2023-02-05 11:39:21,234 [INFO ] step_definitions.Array_Stepdef [main] User in page applications-of-array
2023-02-05 11:39:21,448 [INFO ] step_definitions.common_step_definition [main] Instantiation the commonutils
2023-02-05 11:39:21,448 [INFO ] step_definitions.common_step_definition [main] Launch Browser
2023-02-05 11:39:22,373 [INFO ] step_definitions.Array_Stepdef [main] User logged in sucessfully
2023-02-05 11:39:22,533 [INFO ] step_definitions.Array_Stepdef [main] User clicked Applications of Array page link
2023-02-05 11:39:23,189 [INFO ] step_definitions.Array_Stepdef [main] User in tryEditor page
2023-02-05 11:39:23,421 [INFO ] step_definitions.common_step_definition [main] Instantiation the commonutils
2023-02-05 11:39:23,422 [INFO ] step_definitions.common_step_definition [main] Launch Browser
2023-02-05 11:39:26,394 [INFO ] step_definitions.Array_Stepdef [main] User logged in sucessfully
2023-02-05 11:39:26,735 [INFO ] step_definitions.Array_Stepdef [main] User clicked Practice Questions
2023-02-05 11:39:26,742 [INFO ] step_definitions.Array_Stepdef [main] User in page practice
2023-02-05 11:39:26,953 [INFO ] step_definitions.common_step_definition [main] Instantiation the commonutils
2023-02-05 11:39:26,953 [INFO ] step_definitions.common_step_definition [main] Launch Browser
2023-02-05 11:39:27,862 [INFO ] step_definitions.Array_Stepdef [main] User logged in sucessfully
2023-02-05 11:39:28,014 [INFO ] step_definitions.Array_Stepdef [main] User clicked Applications of Array page link
2023-02-05 11:39:28,209 [INFO ] step_definitions.Array_Stepdef [main] User clicked practice question page
2023-02-05 11:39:28,513 [INFO ] step_definitions.Array_Stepdef [main] User clicked Search the array link
2023-02-05 11:39:28,520 [INFO ] step_definitions.Array_Stepdef [main] User in question page
2023-02-05 11:39:28,520 [INFO ] step_definitions.Array_Stepdef [main] send text to editor print('dsalgo project test')
2023-02-05 11:39:28,952 [INFO ] step_definitions.Array_Stepdef [main] Arraylist count :2
2023-02-05 11:39:29,161 [INFO ] step_definitions.common_step_definition [main] Instantiation the commonutils
2023-02-05 11:39:29,161 [INFO ] step_definitions.common_step_definition [main] Launch Browser
2023-02-05 11:39:30,023 [INFO ] step_definitions.Array_Stepdef [main] User logged in sucessfully
2023-02-05 11:39:30,184 [INFO ] step_definitions.Array_Stepdef [main] User clicked Applications of Array page link
2023-02-05 11:39:30,388 [INFO ] step_definitions.Array_Stepdef [main] User clicked practice question page
2023-02-05 11:39:30,618 [INFO ] step_definitions.Array_Stepdef [main] User clicked Max Consecutive Ones link
2023-02-05 11:39:30,623 [INFO ] step_definitions.Array_Stepdef [main] User in question page
2023-02-05 11:39:30,624 [INFO ] step_definitions.Array_Stepdef [main] send text to editor print('dsalgo project test')
2023-02-05 11:39:30,647 [INFO ] step_definitions.Array_Stepdef [main] Arraylist count :2
2023-02-05 11:39:30,800 [INFO ] step_definitions.common_step_definition [main] Instantiation the commonutils
2023-02-05 11:39:30,801 [INFO ] step_definitions.common_step_definition [main] Launch Browser
2023-02-05 11:39:31,644 [INFO ] step_definitions.Array_Stepdef [main] User logged in sucessfully
2023-02-05 11:39:31,788 [INFO ] step_definitions.Array_Stepdef [main] User clicked Applications of Array page link
2023-02-05 11:39:31,961 [INFO ] step_definitions.Array_Stepdef [main] User clicked practice question page
2023-02-05 11:39:32,161 [INFO ] step_definitions.Array_Stepdef [main] User clicked Find Numbers with Even Number of Digits link
2023-02-05 11:39:32,169 [INFO ] step_definitions.Array_Stepdef [main] User in question page
2023-02-05 11:39:32,169 [INFO ] step_definitions.Array_Stepdef [main] send text to editor print('dsalgo project test')
2023-02-05 11:39:32,189 [INFO ] step_definitions.Array_Stepdef [main] Arraylist count :2
2023-02-05 11:39:32,352 [INFO ] step_definitions.common_step_definition [main] Instantiation the commonutils
2023-02-05 11:39:32,352 [INFO ] step_definitions.common_step_definition [main] Launch Browser
2023-02-05 11:39:33,209 [INFO ] step_definitions.Array_Stepdef [main] User logged in sucessfully
2023-02-05 11:39:33,392 [INFO ] step_definitions.Array_Stepdef [main] User clicked Applications of Array page link
2023-02-05 11:39:33,553 [INFO ] step_definitions.Array_Stepdef [main] User clicked practice question page
2023-02-05 11:39:33,767 [INFO ] step_definitions.Array_Stepdef [main] User clicked Squares of a Sorted Array link
2023-02-05 11:39:33,773 [INFO ] step_definitions.Array_Stepdef [main] User in question page
2023-02-05 11:39:33,773 [INFO ] step_definitions.Array_Stepdef [main] send text to editor print('dsalgo project test')
2023-02-05 11:39:33,793 [INFO ] step_definitions.Array_Stepdef [main] Arraylist count :2
2023-02-17 00:38:51,560 [INFO ] step_definitions.common_step_definition [main] Instantiation the commonutils
2023-02-17 00:38:51,565 [INFO ] step_definitions.common_step_definition [main] Launch Browser
2023-02-17 00:38:59,658 [INFO ] step_definitions.Array_Stepdef [main] User logged in sucessfully
2023-02-17 00:39:00,041 [INFO ] step_definitions.Array_Stepdef [main] User clicked Arrays in Python
2023-02-17 00:39:00,102 [INFO ] step_definitions.Array_Stepdef [main] User in page arrays-in-python
2023-02-17 00:39:00,423 [INFO ] step_definitions.common_step_definition [main] Instantiation the commonutils
2023-02-17 00:39:00,423 [INFO ] step_definitions.common_step_definition [main] Launch Browser
2023-02-17 00:39:01,449 [INFO ] step_definitions.Array_Stepdef [main] User logged in sucessfully
2023-02-17 00:39:01,644 [INFO ] step_definitions.Array_Stepdef [main] User clicked Arrays in Python
2023-02-17 00:39:02,288 [INFO ] step_definitions.common_step_definition [main] Instantiation the commonutils
2023-02-17 00:39:02,288 [INFO ] step_definitions.common_step_definition [main] Launch Browser
2023-02-17 00:39:02,359 [INFO ] step_definitions.common_step_definition [main] Instantiation the commonutils
2023-02-17 00:39:02,359 [INFO ] step_definitions.common_step_definition [main] Launch Browser
2023-02-17 00:39:02,424 [INFO ] step_definitions.common_step_definition [main] Instantiation the commonutils
2023-02-17 00:39:02,426 [INFO ] step_definitions.common_step_definition [main] Launch Browser
2023-02-17 00:39:02,458 [INFO ] step_definitions.common_step_definition [main] Instantiation the commonutils
2023-02-17 00:39:02,464 [INFO ] step_definitions.common_step_definition [main] Launch Browser
2023-02-17 00:39:02,489 [INFO ] step_definitions.common_step_definition [main] Instantiation the commonutils
2023-02-17 00:39:02,493 [INFO ] step_definitions.common_step_definition [main] Launch Browser
2023-02-17 00:39:02,561 [INFO ] step_definitions.common_step_definition [main] Instantiation the commonutils
2023-02-17 00:39:02,564 [INFO ] step_definitions.common_step_definition [main] Launch Browser
2023-02-17 00:39:02,617 [INFO ] step_definitions.common_step_definition [main] Instantiation the commonutils
2023-02-17 00:39:02,618 [INFO ] step_definitions.common_step_definition [main] Launch Browser
2023-02-17 00:39:02,684 [INFO ] step_definitions.common_step_definition [main] Instantiation the commonutils
2023-02-17 00:39:02,685 [INFO ] step_definitions.common_step_definition [main] Launch Browser
2023-02-17 00:39:02,717 [INFO ] step_definitions.common_step_definition [main] Instantiation the commonutils
2023-02-17 00:39:02,717 [INFO ] step_definitions.common_step_definition [main] Launch Browser
2023-02-17 00:39:02,757 [INFO ] step_definitions.common_step_definition [main] Instantiation the commonutils
2023-02-17 00:39:02,757 [INFO ] step_definitions.common_step_definition [main] Launch Browser
2023-02-17 00:39:02,801 [INFO ] step_definitions.common_step_definition [main] Instantiation the commonutils
2023-02-17 00:39:02,802 [INFO ] step_definitions.common_step_definition [main] Launch Browser
2023-02-17 00:48:03,355 [INFO ] step_definitions.common_step_definition [main] Instantiation the commonutils
2023-02-17 00:48:03,359 [INFO ] step_definitions.common_step_definition [main] Launch Browser
2023-02-17 00:48:09,815 [INFO ] step_definitions.Array_Stepdef [main] User logged in sucessfully
2023-02-17 00:48:10,209 [INFO ] step_definitions.Array_Stepdef [main] User clicked Arrays in Python
2023-02-17 00:48:10,214 [INFO ] step_definitions.Array_Stepdef [main] User in page arrays-in-python
2023-02-17 00:48:10,628 [INFO ] step_definitions.common_step_definition [main] Instantiation the commonutils
2023-02-17 00:48:10,629 [INFO ] step_definitions.common_step_definition [main] Launch Browser
2023-02-17 00:48:11,808 [INFO ] step_definitions.Array_Stepdef [main] User logged in sucessfully
2023-02-17 00:48:12,059 [INFO ] step_definitions.Array_Stepdef [main] User clicked Arrays in Python
2023-02-17 00:48:13,247 [INFO ] step_definitions.Array_Stepdef [main] User in tryEditor page
2023-02-17 00:48:13,597 [INFO ] step_definitions.common_step_definition [main] Instantiation the commonutils
2023-02-17 00:48:13,598 [INFO ] step_definitions.common_step_definition [main] Launch Browser
2023-02-17 00:48:16,901 [INFO ] step_definitions.Array_Stepdef [main] User logged in sucessfully
2023-02-17 00:48:17,222 [INFO ] step_definitions.Array_Stepdef [main] User clicked Arrays using List
2023-02-17 00:48:17,456 [INFO ] step_definitions.common_step_definition [main] Instantiation the commonutils
2023-02-17 00:48:17,457 [INFO ] step_definitions.common_step_definition [main] Launch Browser
2023-02-17 00:48:17,810 [INFO ] step_definitions.common_step_definition [main] Instantiation the commonutils
2023-02-17 00:48:17,820 [INFO ] step_definitions.common_step_definition [main] Launch Browser
2023-02-17 00:48:20,920 [INFO ] step_definitions.Array_Stepdef [main] User logged in sucessfully
2023-02-17 00:48:20,963 [INFO ] step_definitions.common_step_definition [main] Instantiation the commonutils
2023-02-17 00:48:20,964 [INFO ] step_definitions.common_step_definition [main] Launch Browser
2023-02-17 00:48:21,053 [INFO ] step_definitions.common_step_definition [main] Instantiation the commonutils
2023-02-17 00:48:21,054 [INFO ] step_definitions.common_step_definition [main] Launch Browser
2023-02-17 00:48:21,114 [INFO ] step_definitions.common_step_definition [main] Instantiation the commonutils
2023-02-17 00:48:21,114 [INFO ] step_definitions.common_step_definition [main] Launch Browser
2023-02-17 00:48:21,145 [INFO ] step_definitions.common_step_definition [main] Instantiation the commonutils
2023-02-17 00:48:21,146 [INFO ] step_definitions.common_step_definition [main] Launch Browser
2023-02-17 00:48:21,175 [INFO ] step_definitions.common_step_definition [main] Instantiation the commonutils
2023-02-17 00:48:21,176 [INFO ] step_definitions.common_step_definition [main] Launch Browser
2023-02-17 00:48:21,225 [INFO ] step_definitions.common_step_definition [main] Instantiation the commonutils
2023-02-17 00:48:21,227 [INFO ] step_definitions.common_step_definition [main] Launch Browser
2023-02-17 00:48:21,292 [INFO ] step_definitions.common_step_definition [main] Instantiation the commonutils
2023-02-17 00:48:21,294 [INFO ] step_definitions.common_step_definition [main] Launch Browser
2023-02-17 00:48:21,396 [INFO ] step_definitions.common_step_definition [main] Instantiation the commonutils
2023-02-17 00:48:21,396 [INFO ] step_definitions.common_step_definition [main] Launch Browser
2023-02-17 00:50:10,531 [INFO ] step_definitions.common_step_definition [main] Instantiation the commonutils
2023-02-17 00:50:10,535 [INFO ] step_definitions.common_step_definition [main] Launch Browser
2023-02-17 00:50:16,649 [INFO ] step_definitions.Array_Stepdef [main] User logged in sucessfully
2023-02-17 00:50:17,068 [INFO ] step_definitions.Array_Stepdef [main] User clicked Arrays in Python
2023-02-17 00:50:17,078 [INFO ] step_definitions.Array_Stepdef [main] User in page arrays-in-python
2023-02-17 00:50:17,330 [INFO ] step_definitions.common_step_definition [main] Instantiation the commonutils
2023-02-17 00:50:17,331 [INFO ] step_definitions.common_step_definition [main] Launch Browser
2023-02-17 00:50:17,707 [INFO ] step_definitions.common_step_definition [main] Instantiation the commonutils
2023-02-17 00:50:17,714 [INFO ] step_definitions.common_step_definition [main] Launch Browser
2023-02-17 00:50:20,822 [INFO ] step_definitions.Array_Stepdef [main] User logged in sucessfully
2023-02-17 00:50:21,105 [INFO ] step_definitions.Array_Stepdef [main] User clicked Arrays using List
2023-02-17 00:50:21,405 [INFO ] step_definitions.common_step_definition [main] Instantiation the commonutils
2023-02-17 00:50:21,406 [INFO ] step_definitions.common_step_definition [main] Launch Browser
2023-02-17 00:50:50,108 [INFO ] step_definitions.Array_Stepdef [main] User in tryEditor page
2023-02-17 00:50:50,470 [INFO ] step_definitions.common_step_definition [main] Instantiation the commonutils
2023-02-17 00:50:50,470 [INFO ] step_definitions.common_step_definition [main] Launch Browser
2023-02-17 00:50:53,746 [INFO ] step_definitions.Array_Stepdef [main] User logged in sucessfully
2023-02-17 00:50:54,044 [INFO ] step_definitions.Array_Stepdef [main] User clicked Basic Operations in List
2023-02-17 00:50:54,054 [INFO ] step_definitions.Array_Stepdef [main] User in page basic-operations-in-lists
2023-02-17 00:50:54,341 [INFO ] step_definitions.common_step_definition [main] Instantiation the commonutils
2023-02-17 00:50:54,342 [INFO ] step_definitions.common_step_definition [main] Launch Browser
2023-02-17 00:50:55,345 [INFO ] step_definitions.Array_Stepdef [main] User logged in sucessfully
2023-02-17 00:50:55,552 [INFO ] step_definitions.Array_Stepdef [main] User clicked Basic Operations in List page link
2023-02-17 00:50:56,270 [INFO ] step_definitions.Array_Stepdef [main] User in tryEditor page
2023-02-17 00:50:56,628 [INFO ] step_definitions.common_step_definition [main] Instantiation the commonutils
2023-02-17 00:50:56,631 [INFO ] step_definitions.common_step_definition [main] Launch Browser
2023-02-17 00:50:59,814 [INFO ] step_definitions.Array_Stepdef [main] User logged in sucessfully
2023-02-17 00:51:00,120 [INFO ] step_definitions.Array_Stepdef [main] User clicked Applications of Array
2023-02-17 00:51:00,126 [INFO ] step_definitions.Array_Stepdef [main] User in page applications-of-array
2023-02-17 00:51:00,389 [INFO ] step_definitions.common_step_definition [main] Instantiation the commonutils
2023-02-17 00:51:00,389 [INFO ] step_definitions.common_step_definition [main] Launch Browser
2023-02-17 00:51:01,376 [INFO ] step_definitions.Array_Stepdef [main] User logged in sucessfully
2023-02-17 00:51:01,556 [INFO ] step_definitions.Array_Stepdef [main] User clicked Applications of Array page link
2023-02-17 00:51:02,320 [INFO ] step_definitions.Array_Stepdef [main] User in tryEditor page
2023-02-17 00:51:02,704 [INFO ] step_definitions.common_step_definition [main] Instantiation the commonutils
2023-02-17 00:51:02,706 [INFO ] step_definitions.common_step_definition [main] Launch Browser
2023-02-17 00:51:05,859 [INFO ] step_definitions.Array_Stepdef [main] User logged in sucessfully
2023-02-17 00:51:06,356 [INFO ] step_definitions.Array_Stepdef [main] User clicked Practice Questions
2023-02-17 00:51:06,362 [INFO ] step_definitions.Array_Stepdef [main] User in page practice
2023-02-17 00:51:06,663 [INFO ] step_definitions.common_step_definition [main] Instantiation the commonutils
2023-02-17 00:51:06,663 [INFO ] step_definitions.common_step_definition [main] Launch Browser
2023-02-17 00:51:07,768 [INFO ] step_definitions.Array_Stepdef [main] User logged in sucessfully
2023-02-17 00:51:07,943 [INFO ] step_definitions.Array_Stepdef [main] User clicked Applications of Array page link
2023-02-17 00:51:08,143 [INFO ] step_definitions.Array_Stepdef [main] User clicked practice question page
2023-02-17 00:51:08,561 [INFO ] step_definitions.Array_Stepdef [main] User clicked Search the array link
2023-02-17 00:51:08,571 [INFO ] step_definitions.Array_Stepdef [main] User in question page
2023-02-17 00:51:08,571 [INFO ] step_definitions.Array_Stepdef [main] send text to editor print('dsalgo project test')
2023-02-17 00:51:10,047 [INFO ] step_definitions.Array_Stepdef [main] Arraylist count :2
2023-02-17 00:51:10,271 [INFO ] step_definitions.common_step_definition [main] Instantiation the commonutils
2023-02-17 00:51:10,271 [INFO ] step_definitions.common_step_definition [main] Launch Browser
2023-02-17 00:51:11,350 [INFO ] step_definitions.Array_Stepdef [main] User logged in sucessfully
2023-02-17 00:51:11,558 [INFO ] step_definitions.Array_Stepdef [main] User clicked Applications of Array page link
2023-02-17 00:51:11,748 [INFO ] step_definitions.Array_Stepdef [main] User clicked practice question page
2023-02-17 00:51:11,858 [INFO ] step_definitions.Array_Stepdef [main] User clicked Max Consecutive Ones link
2023-02-17 00:51:11,960 [INFO ] step_definitions.common_step_definition [main] Instantiation the commonutils
2023-02-17 00:51:11,961 [INFO ] step_definitions.common_step_definition [main] Launch Browser
2023-02-17 00:51:12,010 [INFO ] step_definitions.common_step_definition [main] Instantiation the commonutils
2023-02-17 00:51:12,014 [INFO ] step_definitions.common_step_definition [main] Launch Browser
2023-02-17 00:52:39,592 [INFO ] step_definitions.common_step_definition [main] Instantiation the commonutils
2023-02-17 00:52:39,595 [INFO ] step_definitions.common_step_definition [main] Launch Browser
2023-02-17 00:52:45,813 [INFO ] step_definitions.Array_Stepdef [main] User logged in sucessfully
2023-02-17 00:52:46,290 [INFO ] step_definitions.Array_Stepdef [main] User clicked Arrays in Python
2023-02-17 00:52:46,300 [INFO ] step_definitions.Array_Stepdef [main] User in page arrays-in-python
2023-02-17 00:52:46,597 [INFO ] step_definitions.common_step_definition [main] Instantiation the commonutils
2023-02-17 00:52:46,599 [INFO ] step_definitions.common_step_definition [main] Launch Browser
2023-02-17 00:52:47,671 [INFO ] step_definitions.Array_Stepdef [main] User logged in sucessfully
2023-02-17 00:52:47,868 [INFO ] step_definitions.Array_Stepdef [main] User clicked Arrays in Python
2023-02-17 00:52:48,942 [INFO ] step_definitions.Array_Stepdef [main] User in tryEditor page
2023-02-17 00:52:49,262 [INFO ] step_definitions.common_step_definition [main] Instantiation the commonutils
2023-02-17 00:52:49,262 [INFO ] step_definitions.common_step_definition [main] Launch Browser
2023-02-17 00:52:52,426 [INFO ] step_definitions.Array_Stepdef [main] User logged in sucessfully
2023-02-17 00:52:52,664 [INFO ] step_definitions.Array_Stepdef [main] User clicked Arrays using List
2023-02-17 00:52:52,908 [INFO ] step_definitions.common_step_definition [main] Instantiation the commonutils
2023-02-17 00:52:52,917 [INFO ] step_definitions.common_step_definition [main] Launch Browser
2023-02-17 00:52:53,678 [INFO ] step_definitions.Array_Stepdef [main] User in tryEditor page
2023-02-17 00:52:54,008 [INFO ] step_definitions.common_step_definition [main] Instantiation the commonutils
2023-02-17 00:52:54,016 [INFO ] step_definitions.common_step_definition [main] Launch Browser
2023-02-17 00:52:57,164 [INFO ] step_definitions.Array_Stepdef [main] User logged in sucessfully
2023-02-17 00:52:57,470 [INFO ] step_definitions.Array_Stepdef [main] User clicked Basic Operations in List
2023-02-17 00:52:57,481 [INFO ] step_definitions.Array_Stepdef [main] User in page basic-operations-in-lists
2023-02-17 00:52:57,829 [INFO ] step_definitions.common_step_definition [main] Instantiation the commonutils
2023-02-17 00:52:57,830 [INFO ] step_definitions.common_step_definition [main] Launch Browser
2023-02-17 00:52:59,547 [INFO ] step_definitions.Array_Stepdef [main] User logged in sucessfully
2023-02-17 00:52:59,747 [INFO ] step_definitions.Array_Stepdef [main] User clicked Basic Operations in List page link
2023-02-17 00:53:00,513 [INFO ] step_definitions.Array_Stepdef [main] User in tryEditor page
2023-02-17 00:53:00,890 [INFO ] step_definitions.common_step_definition [main] Instantiation the commonutils
2023-02-17 00:53:00,890 [INFO ] step_definitions.common_step_definition [main] Launch Browser
2023-02-17 00:53:04,085 [INFO ] step_definitions.Array_Stepdef [main] User logged in sucessfully
2023-02-17 00:53:04,399 [INFO ] step_definitions.Array_Stepdef [main] User clicked Applications of Array
2023-02-17 00:53:04,418 [INFO ] step_definitions.Array_Stepdef [main] User in page applications-of-array
2023-02-17 00:53:04,693 [INFO ] step_definitions.common_step_definition [main] Instantiation the commonutils
2023-02-17 00:53:04,695 [INFO ] step_definitions.common_step_definition [main] Launch Browser
2023-02-17 00:53:05,961 [INFO ] step_definitions.Array_Stepdef [main] User logged in sucessfully
2023-02-17 00:53:06,178 [INFO ] step_definitions.Array_Stepdef [main] User clicked Applications of Array page link
2023-02-17 00:53:06,901 [INFO ] step_definitions.Array_Stepdef [main] User in tryEditor page
2023-02-17 00:53:07,248 [INFO ] step_definitions.common_step_definition [main] Instantiation the commonutils
2023-02-17 00:53:07,248 [INFO ] step_definitions.common_step_definition [main] Launch Browser
2023-02-17 00:53:11,031 [INFO ] step_definitions.Array_Stepdef [main] User logged in sucessfully
2023-02-17 00:53:11,431 [INFO ] step_definitions.Array_Stepdef [main] User clicked Practice Questions
2023-02-17 00:53:11,439 [INFO ] step_definitions.Array_Stepdef [main] User in page practice
2023-02-17 00:53:11,685 [INFO ] step_definitions.common_step_definition [main] Instantiation the commonutils
2023-02-17 00:53:11,686 [INFO ] step_definitions.common_step_definition [main] Launch Browser
2023-02-17 00:53:12,957 [INFO ] step_definitions.Array_Stepdef [main] User logged in sucessfully
2023-02-17 00:53:13,167 [INFO ] step_definitions.Array_Stepdef [main] User clicked Applications of Array page link
2023-02-17 00:53:13,363 [INFO ] step_definitions.Array_Stepdef [main] User clicked practice question page
2023-02-17 00:53:13,669 [INFO ] step_definitions.Array_Stepdef [main] User clicked Search the array link
2023-02-17 00:53:13,681 [INFO ] step_definitions.Array_Stepdef [main] User in question page
2023-02-17 00:53:13,682 [INFO ] step_definitions.Array_Stepdef [main] send text to editor print('dsalgo project test')
2023-02-17 00:53:15,401 [INFO ] step_definitions.Array_Stepdef [main] Arraylist count :2
2023-02-17 00:53:15,678 [INFO ] step_definitions.common_step_definition [main] Instantiation the commonutils
2023-02-17 00:53:15,679 [INFO ] step_definitions.common_step_definition [main] Launch Browser
2023-02-17 00:53:16,750 [INFO ] step_definitions.Array_Stepdef [main] User logged in sucessfully
2023-02-17 00:53:16,934 [INFO ] step_definitions.Array_Stepdef [main] User clicked Applications of Array page link
2023-02-17 00:53:17,130 [INFO ] step_definitions.Array_Stepdef [main] User clicked practice question page
2023-02-17 00:53:17,415 [INFO ] step_definitions.Array_Stepdef [main] User clicked Max Consecutive Ones link
2023-02-17 00:53:17,422 [INFO ] step_definitions.Array_Stepdef [main] User in question page
2023-02-17 00:53:17,422 [INFO ] step_definitions.Array_Stepdef [main] send text to editor print('dsalgo project test')
2023-02-17 00:53:17,501 [INFO ] step_definitions.Array_Stepdef [main] Arraylist count :2
2023-02-17 00:53:17,745 [INFO ] step_definitions.common_step_definition [main] Instantiation the commonutils
2023-02-17 00:53:17,746 [INFO ] step_definitions.common_step_definition [main] Launch Browser
2023-02-17 00:53:18,734 [INFO ] step_definitions.Array_Stepdef [main] User logged in sucessfully
2023-02-17 00:53:18,932 [INFO ] step_definitions.Array_Stepdef [main] User clicked Applications of Array page link
2023-02-17 00:53:19,129 [INFO ] step_definitions.Array_Stepdef [main] User clicked practice question page
2023-02-17 00:53:19,365 [INFO ] step_definitions.Array_Stepdef [main] User clicked Find Numbers with Even Number of Digits link
2023-02-17 00:53:19,379 [INFO ] step_definitions.Array_Stepdef [main] User in question page
2023-02-17 00:53:19,379 [INFO ] step_definitions.Array_Stepdef [main] send text to editor print('dsalgo project test')
2023-02-17 00:53:19,423 [INFO ] step_definitions.Array_Stepdef [main] Arraylist count :2
2023-02-17 00:53:19,666 [INFO ] step_definitions.common_step_definition [main] Instantiation the commonutils
2023-02-17 00:53:19,667 [INFO ] step_definitions.common_step_definition [main] Launch Browser
2023-02-17 00:53:20,919 [INFO ] step_definitions.Array_Stepdef [main] User logged in sucessfully
2023-02-17 00:53:21,131 [INFO ] step_definitions.Array_Stepdef [main] User clicked Applications of Array page link
2023-02-17 00:53:21,312 [INFO ] step_definitions.Array_Stepdef [main] User clicked practice question page
2023-02-17 00:53:21,664 [INFO ] step_definitions.Array_Stepdef [main] User clicked Squares of a Sorted Array link
2023-02-17 00:53:21,674 [INFO ] step_definitions.Array_Stepdef [main] User in question page
2023-02-17 00:53:21,674 [INFO ] step_definitions.Array_Stepdef [main] send text to editor print('dsalgo project test')
2023-02-17 00:53:21,757 [INFO ] step_definitions.Array_Stepdef [main] Arraylist count :2
2023-02-17 16:45:03,409 [INFO ] step_definitions.common_step_definition [main] Instantiation the commonutils
2023-02-17 16:45:03,415 [INFO ] step_definitions.common_step_definition [main] Launch Browser
2023-02-17 16:45:14,696 [INFO ] step_definitions.Array_Stepdef [main] User logged in sucessfully
2023-02-17 16:45:15,347 [INFO ] step_definitions.Array_Stepdef [main] User clicked Arrays in Python
2023-02-17 16:45:15,364 [INFO ] step_definitions.Array_Stepdef [main] User in page arrays-in-python
2023-02-17 16:45:16,044 [INFO ] step_definitions.common_step_definition [main] Instantiation the commonutils
2023-02-17 16:45:16,045 [INFO ] step_definitions.common_step_definition [main] Launch Browser
2023-02-17 16:45:17,232 [INFO ] step_definitions.Array_Stepdef [main] User logged in sucessfully
2023-02-17 16:45:17,483 [INFO ] step_definitions.Array_Stepdef [main] User clicked Arrays in Python
2023-02-17 16:45:18,870 [INFO ] step_definitions.Array_Stepdef [main] User in tryEditor page
2023-02-17 16:45:19,682 [INFO ] step_definitions.common_step_definition [main] Instantiation the commonutils
2023-02-17 16:45:19,683 [INFO ] step_definitions.common_step_definition [main] Launch Browser
2023-02-17 16:45:22,991 [INFO ] step_definitions.Array_Stepdef [main] User logged in sucessfully
2023-02-17 16:45:23,251 [INFO ] step_definitions.Array_Stepdef [main] User clicked Arrays using List
2023-02-17 16:45:23,466 [INFO ] step_definitions.common_step_definition [main] Instantiation the commonutils
2023-02-17 16:45:23,467 [INFO ] step_definitions.common_step_definition [main] Launch Browser
2023-02-17 16:45:24,231 [INFO ] step_definitions.Array_Stepdef [main] User in tryEditor page
2023-02-17 16:45:24,557 [INFO ] step_definitions.common_step_definition [main] Instantiation the commonutils
2023-02-17 16:45:24,558 [INFO ] step_definitions.common_step_definition [main] Launch Browser
2023-02-17 16:45:27,710 [INFO ] step_definitions.Array_Stepdef [main] User logged in sucessfully
2023-02-17 16:45:28,152 [INFO ] step_definitions.Array_Stepdef [main] User clicked Basic Operations in List
2023-02-17 16:45:28,164 [INFO ] step_definitions.Array_Stepdef [main] User in page basic-operations-in-lists
2023-02-17 16:45:28,534 [INFO ] step_definitions.common_step_definition [main] Instantiation the commonutils
2023-02-17 16:45:28,534 [INFO ] step_definitions.common_step_definition [main] Launch Browser
2023-02-17 16:45:30,323 [INFO ] step_definitions.Array_Stepdef [main] User logged in sucessfully
2023-02-17 16:45:30,836 [INFO ] step_definitions.Array_Stepdef [main] User clicked Basic Operations in List page link
2023-02-17 16:45:32,434 [INFO ] step_definitions.Array_Stepdef [main] User in tryEditor page
2023-02-17 16:45:32,969 [INFO ] step_definitions.common_step_definition [main] Instantiation the commonutils
2023-02-17 16:45:32,972 [INFO ] step_definitions.common_step_definition [main] Launch Browser
2023-02-17 16:45:36,751 [INFO ] step_definitions.Array_Stepdef [main] User logged in sucessfully
2023-02-17 16:45:37,026 [INFO ] step_definitions.Array_Stepdef [main] User clicked Applications of Array
2023-02-17 16:45:37,035 [INFO ] step_definitions.Array_Stepdef [main] User in page applications-of-array
2023-02-17 16:45:37,433 [INFO ] step_definitions.common_step_definition [main] Instantiation the commonutils
2023-02-17 16:45:37,433 [INFO ] step_definitions.common_step_definition [main] Launch Browser
2023-02-17 16:45:38,417 [INFO ] step_definitions.Array_Stepdef [main] User logged in sucessfully
2023-02-17 16:45:38,600 [INFO ] step_definitions.Array_Stepdef [main] User clicked Applications of Array page link
2023-02-17 16:45:39,469 [INFO ] step_definitions.Array_Stepdef [main] User in tryEditor page
2023-02-17 16:45:39,877 [INFO ] step_definitions.common_step_definition [main] Instantiation the commonutils
2023-02-17 16:45:39,877 [INFO ] step_definitions.common_step_definition [main] Launch Browser
2023-02-17 16:45:43,616 [INFO ] step_definitions.Array_Stepdef [main] User logged in sucessfully
2023-02-17 16:45:44,134 [INFO ] step_definitions.Array_Stepdef [main] User clicked Practice Questions
2023-02-17 16:45:44,149 [INFO ] step_definitions.Array_Stepdef [main] User in page practice
2023-02-17 16:45:44,469 [INFO ] step_definitions.common_step_definition [main] Instantiation the commonutils
2023-02-17 16:45:44,470 [INFO ] step_definitions.common_step_definition [main] Launch Browser
2023-02-17 16:45:45,608 [INFO ] step_definitions.Array_Stepdef [main] User logged in sucessfully
2023-02-17 16:45:45,766 [INFO ] step_definitions.Array_Stepdef [main] User clicked Applications of Array page link
2023-02-17 16:45:46,000 [INFO ] step_definitions.Array_Stepdef [main] User clicked practice question page
2023-02-17 16:45:46,617 [INFO ] step_definitions.Array_Stepdef [main] User clicked Search the array link
2023-02-17 16:45:46,628 [INFO ] step_definitions.Array_Stepdef [main] User in question page
2023-02-17 16:45:46,628 [INFO ] step_definitions.Array_Stepdef [main] send text to editor print('dsalgo project test')
2023-02-17 16:45:47,405 [INFO ] step_definitions.Array_Stepdef [main] Arraylist count :2
2023-02-17 16:45:47,848 [INFO ] step_definitions.common_step_definition [main] Instantiation the commonutils
2023-02-17 16:45:47,849 [INFO ] step_definitions.common_step_definition [main] Launch Browser
2023-02-17 16:45:49,354 [INFO ] step_definitions.Array_Stepdef [main] User logged in sucessfully
2023-02-17 16:45:49,946 [INFO ] step_definitions.Array_Stepdef [main] User clicked Applications of Array page link
2023-02-17 16:45:50,144 [INFO ] step_definitions.Array_Stepdef [main] User clicked practice question page
2023-02-17 16:45:50,619 [INFO ] step_definitions.Array_Stepdef [main] User clicked Max Consecutive Ones link
2023-02-17 16:45:50,665 [INFO ] step_definitions.Array_Stepdef [main] User in question page
2023-02-17 16:45:50,665 [INFO ] step_definitions.Array_Stepdef [main] send text to editor print('dsalgo project test')
2023-02-17 16:45:50,729 [INFO ] step_definitions.Array_Stepdef [main] Arraylist count :2
2023-02-17 16:45:54,615 [INFO ] step_definitions.common_step_definition [main] Instantiation the commonutils
2023-02-17 16:45:54,616 [INFO ] step_definitions.common_step_definition [main] Launch Browser
2023-02-17 16:45:55,668 [INFO ] step_definitions.Array_Stepdef [main] User logged in sucessfully
2023-02-17 16:45:55,832 [INFO ] step_definitions.Array_Stepdef [main] User clicked Applications of Array page link
2023-02-17 16:45:55,981 [INFO ] step_definitions.Array_Stepdef [main] User clicked practice question page
2023-02-17 16:45:56,319 [INFO ] step_definitions.Array_Stepdef [main] User clicked Find Numbers with Even Number of Digits link
2023-02-17 16:45:56,341 [INFO ] step_definitions.Array_Stepdef [main] User in question page
2023-02-17 16:45:56,341 [INFO ] step_definitions.Array_Stepdef [main] send text to editor print('dsalgo project test')
2023-02-17 16:45:56,381 [INFO ] step_definitions.Array_Stepdef [main] Arraylist count :2
2023-02-17 16:45:56,699 [INFO ] step_definitions.common_step_definition [main] Instantiation the commonutils
2023-02-17 16:45:56,700 [INFO ] step_definitions.common_step_definition [main] Launch Browser
2023-02-17 16:45:57,866 [INFO ] step_definitions.Array_Stepdef [main] User logged in sucessfully
2023-02-17 16:45:58,199 [INFO ] step_definitions.Array_Stepdef [main] User clicked Applications of Array page link
2023-02-17 16:45:58,432 [INFO ] step_definitions.Array_Stepdef [main] User clicked practice question page
2023-02-17 16:45:58,774 [INFO ] step_definitions.Array_Stepdef [main] User clicked Squares of a Sorted Array link
2023-02-17 16:45:58,785 [INFO ] step_definitions.Array_Stepdef [main] User in question page
2023-02-17 16:45:58,785 [INFO ] step_definitions.Array_Stepdef [main] send text to editor print('dsalgo project test')
2023-02-17 16:45:58,816 [INFO ] step_definitions.Array_Stepdef [main] Arraylist count :2
2023-02-17 20:13:51,616 [INFO ] step_definitions.common_step_definition [main] Instantiation the commonutils
2023-02-17 20:13:51,626 [INFO ] step_definitions.common_step_definition [main] Launch Browser
2023-02-17 20:14:00,673 [INFO ] step_definitions.Array_Stepdef [main] User logged in sucessfully
2023-02-17 20:14:01,275 [INFO ] step_definitions.Array_Stepdef [main] User clicked Arrays in Python
2023-02-17 20:14:01,293 [INFO ] step_definitions.Array_Stepdef [main] User in page arrays-in-python
2023-02-17 20:14:01,788 [INFO ] step_definitions.common_step_definition [main] Instantiation the commonutils
2023-02-17 20:14:01,789 [INFO ] step_definitions.common_step_definition [main] Launch Browser
2023-02-17 20:14:03,381 [INFO ] step_definitions.Array_Stepdef [main] User logged in sucessfully
2023-02-17 20:14:03,648 [INFO ] step_definitions.Array_Stepdef [main] User clicked Arrays in Python
2023-02-17 20:14:05,517 [INFO ] step_definitions.Array_Stepdef [main] User in tryEditor page
2023-02-17 20:14:06,194 [INFO ] step_definitions.common_step_definition [main] Instantiation the commonutils
2023-02-17 20:14:06,196 [INFO ] step_definitions.common_step_definition [main] Launch Browser
2023-02-17 20:14:09,931 [INFO ] step_definitions.Array_Stepdef [main] User logged in sucessfully
2023-02-17 20:14:10,277 [INFO ] step_definitions.Array_Stepdef [main] User clicked Arrays using List
2023-02-17 20:14:10,540 [INFO ] step_definitions.common_step_definition [main] Instantiation the commonutils
2023-02-17 20:14:10,559 [INFO ] step_definitions.common_step_definition [main] Launch Browser
2023-02-17 20:14:11,442 [INFO ] step_definitions.Array_Stepdef [main] User in tryEditor page
2023-02-17 20:14:11,782 [INFO ] step_definitions.common_step_definition [main] Instantiation the commonutils
2023-02-17 20:14:11,784 [INFO ] step_definitions.common_step_definition [main] Launch Browser
2023-02-17 20:14:15,269 [INFO ] step_definitions.Array_Stepdef [main] User logged in sucessfully
2023-02-17 20:14:15,782 [INFO ] step_definitions.Array_Stepdef [main] User clicked Basic Operations in List
2023-02-17 20:14:15,810 [INFO ] step_definitions.Array_Stepdef [main] User in page basic-operations-in-lists
2023-02-17 20:14:16,271 [INFO ] step_definitions.common_step_definition [main] Instantiation the commonutils
2023-02-17 20:14:16,275 [INFO ] step_definitions.common_step_definition [main] Launch Browser
2023-02-17 20:14:17,796 [INFO ] step_definitions.Array_Stepdef [main] User logged in sucessfully
2023-02-17 20:14:18,211 [INFO ] step_definitions.Array_Stepdef [main] User clicked Basic Operations in List page link
2023-02-17 20:14:19,029 [INFO ] step_definitions.Array_Stepdef [main] User in tryEditor page
2023-02-17 20:14:19,964 [INFO ] step_definitions.common_step_definition [main] Instantiation the commonutils
2023-02-17 20:14:19,964 [INFO ] step_definitions.common_step_definition [main] Launch Browser
2023-02-17 20:14:23,578 [INFO ] step_definitions.Array_Stepdef [main] User logged in sucessfully
2023-02-17 20:14:23,879 [INFO ] step_definitions.Array_Stepdef [main] User clicked Applications of Array
2023-02-17 20:14:23,899 [INFO ] step_definitions.Array_Stepdef [main] User in page applications-of-array
2023-02-17 20:14:24,200 [INFO ] step_definitions.common_step_definition [main] Instantiation the commonutils
2023-02-17 20:14:24,203 [INFO ] step_definitions.common_step_definition [main] Launch Browser
2023-02-17 20:14:25,205 [INFO ] step_definitions.Array_Stepdef [main] User logged in sucessfully
2023-02-17 20:14:25,415 [INFO ] step_definitions.Array_Stepdef [main] User clicked Applications of Array page link
2023-02-17 20:14:26,410 [INFO ] step_definitions.Array_Stepdef [main] User in tryEditor page
2023-02-17 20:14:26,872 [INFO ] step_definitions.common_step_definition [main] Instantiation the commonutils
2023-02-17 20:14:26,874 [INFO ] step_definitions.common_step_definition [main] Launch Browser
2023-02-17 20:14:30,930 [INFO ] step_definitions.Array_Stepdef [main] User logged in sucessfully
2023-02-17 20:14:31,746 [INFO ] step_definitions.Array_Stepdef [main] User clicked Practice Questions
2023-02-17 20:14:31,758 [INFO ] step_definitions.Array_Stepdef [main] User in page practice
2023-02-17 20:14:32,066 [INFO ] step_definitions.common_step_definition [main] Instantiation the commonutils
2023-02-17 20:14:32,067 [INFO ] step_definitions.common_step_definition [main] Launch Browser
2023-02-17 20:14:33,132 [INFO ] step_definitions.Array_Stepdef [main] User logged in sucessfully
2023-02-17 20:14:33,334 [INFO ] step_definitions.Array_Stepdef [main] User clicked Applications of Array page link
2023-02-17 20:14:33,539 [INFO ] step_definitions.Array_Stepdef [main] User clicked practice question page
2023-02-17 20:14:33,916 [INFO ] step_definitions.Array_Stepdef [main] User clicked Search the array link
2023-02-17 20:14:33,929 [INFO ] step_definitions.Array_Stepdef [main] User in question page
2023-02-17 20:14:33,929 [INFO ] step_definitions.Array_Stepdef [main] send text to editor print('dsalgo project test')
2023-02-17 20:14:34,960 [INFO ] step_definitions.Array_Stepdef [main] Arraylist count :2
2023-02-17 20:14:35,975 [INFO ] step_definitions.common_step_definition [main] Instantiation the commonutils
2023-02-17 20:14:35,975 [INFO ] step_definitions.common_step_definition [main] Launch Browser
2023-02-17 20:14:37,278 [INFO ] step_definitions.Array_Stepdef [main] User logged in sucessfully
2023-02-17 20:14:37,546 [INFO ] step_definitions.Array_Stepdef [main] User clicked Applications of Array page link
2023-02-17 20:14:37,767 [INFO ] step_definitions.Array_Stepdef [main] User clicked practice question page
2023-02-17 20:14:38,184 [INFO ] step_definitions.Array_Stepdef [main] User clicked Max Consecutive Ones link
2023-02-17 20:14:38,198 [INFO ] step_definitions.Array_Stepdef [main] User in question page
2023-02-17 20:14:38,198 [INFO ] step_definitions.Array_Stepdef [main] send text to editor print('dsalgo project test')
2023-02-17 20:14:38,256 [INFO ] step_definitions.Array_Stepdef [main] Arraylist count :2
2023-02-17 20:14:38,497 [INFO ] step_definitions.common_step_definition [main] Instantiation the commonutils
2023-02-17 20:14:38,498 [INFO ] step_definitions.common_step_definition [main] Launch Browser
2023-02-17 20:14:40,599 [INFO ] step_definitions.Array_Stepdef [main] User logged in sucessfully
2023-02-17 20:14:41,319 [INFO ] step_definitions.Array_Stepdef [main] User clicked Applications of Array page link
2023-02-17 20:14:41,675 [INFO ] step_definitions.Array_Stepdef [main] User clicked practice question page
2023-02-17 20:14:41,984 [INFO ] step_definitions.Array_Stepdef [main] User clicked Find Numbers with Even Number of Digits link
2023-02-17 20:14:41,997 [INFO ] step_definitions.Array_Stepdef [main] User in question page
2023-02-17 20:14:41,998 [INFO ] step_definitions.Array_Stepdef [main] send text to editor print('dsalgo project test')
2023-02-17 20:14:42,049 [INFO ] step_definitions.Array_Stepdef [main] Arraylist count :2
2023-02-17 20:14:42,408 [INFO ] step_definitions.common_step_definition [main] Instantiation the commonutils
2023-02-17 20:14:42,408 [INFO ] step_definitions.common_step_definition [main] Launch Browser
2023-02-17 20:14:44,301 [INFO ] step_definitions.Array_Stepdef [main] User logged in sucessfully
2023-02-17 20:14:44,480 [INFO ] step_definitions.Array_Stepdef [main] User clicked Applications of Array page link
2023-02-17 20:14:44,683 [INFO ] step_definitions.Array_Stepdef [main] User clicked practice question page
2023-02-17 20:14:44,927 [INFO ] step_definitions.Array_Stepdef [main] User clicked Squares of a Sorted Array link
2023-02-17 20:14:44,938 [INFO ] step_definitions.Array_Stepdef [main] User in question page
2023-02-17 20:14:44,938 [INFO ] step_definitions.Array_Stepdef [main] send text to editor print('dsalgo project test')
2023-02-17 20:14:44,965 [INFO ] step_definitions.Array_Stepdef [main] Arraylist count :2
2023-02-17 20:22:19,575 [INFO ] step_definitions.common_step_definition [main] Instantiation the commonutils
2023-02-17 20:22:19,582 [INFO ] step_definitions.common_step_definition [main] Launch Browser
2023-02-17 20:22:27,266 [INFO ] step_definitions.Array_Stepdef [main] User logged in sucessfully
2023-02-17 20:22:27,749 [INFO ] step_definitions.Array_Stepdef [main] User clicked Arrays in Python
2023-02-17 20:22:27,760 [INFO ] step_definitions.Array_Stepdef [main] User in page arrays-in-python
2023-02-17 20:22:28,120 [INFO ] step_definitions.common_step_definition [main] Instantiation the commonutils
2023-02-17 20:22:28,121 [INFO ] step_definitions.common_step_definition [main] Launch Browser
2023-02-17 20:22:29,348 [INFO ] step_definitions.Array_Stepdef [main] User logged in sucessfully
2023-02-17 20:22:29,564 [INFO ] step_definitions.Array_Stepdef [main] User clicked Arrays in Python
2023-02-17 20:22:30,717 [INFO ] step_definitions.Array_Stepdef [main] User in tryEditor page
2023-02-17 20:22:31,158 [INFO ] step_definitions.common_step_definition [main] Instantiation the commonutils
2023-02-17 20:22:31,158 [INFO ] step_definitions.common_step_definition [main] Launch Browser
2023-02-17 20:22:34,761 [INFO ] step_definitions.Array_Stepdef [main] User logged in sucessfully
2023-02-17 20:22:35,024 [INFO ] step_definitions.Array_Stepdef [main] User clicked Arrays using List
2023-02-17 20:22:35,240 [INFO ] step_definitions.common_step_definition [main] Instantiation the commonutils
2023-02-17 20:22:35,240 [INFO ] step_definitions.common_step_definition [main] Launch Browser
2023-02-17 20:22:36,032 [INFO ] step_definitions.Array_Stepdef [main] User in tryEditor page
2023-02-17 20:22:36,311 [INFO ] step_definitions.common_step_definition [main] Instantiation the commonutils
2023-02-17 20:22:36,311 [INFO ] step_definitions.common_step_definition [main] Launch Browser
2023-02-17 20:22:39,410 [INFO ] step_definitions.Array_Stepdef [main] User logged in sucessfully
2023-02-17 20:22:39,732 [INFO ] step_definitions.Array_Stepdef [main] User clicked Basic Operations in List
2023-02-17 20:22:39,746 [INFO ] step_definitions.Array_Stepdef [main] User in page basic-operations-in-lists
2023-02-17 20:22:40,133 [INFO ] step_definitions.common_step_definition [main] Instantiation the commonutils
2023-02-17 20:22:40,133 [INFO ] step_definitions.common_step_definition [main] Launch Browser
2023-02-17 20:22:41,332 [INFO ] step_definitions.Array_Stepdef [main] User logged in sucessfully
2023-02-17 20:22:41,789 [INFO ] step_definitions.Array_Stepdef [main] User clicked Basic Operations in List page link
2023-02-17 20:22:42,573 [INFO ] step_definitions.Array_Stepdef [main] User in tryEditor page
2023-02-17 20:22:42,890 [INFO ] step_definitions.common_step_definition [main] Instantiation the commonutils
2023-02-17 20:22:42,891 [INFO ] step_definitions.common_step_definition [main] Launch Browser
2023-02-17 20:22:46,428 [INFO ] step_definitions.Array_Stepdef [main] User logged in sucessfully
2023-02-17 20:22:47,134 [INFO ] step_definitions.Array_Stepdef [main] User clicked Applications of Array
2023-02-17 20:22:47,143 [INFO ] step_definitions.Array_Stepdef [main] User in page applications-of-array
2023-02-17 20:22:47,365 [INFO ] step_definitions.common_step_definition [main] Instantiation the commonutils
2023-02-17 20:22:47,365 [INFO ] step_definitions.common_step_definition [main] Launch Browser
2023-02-17 20:22:48,303 [INFO ] step_definitions.Array_Stepdef [main] User logged in sucessfully
2023-02-17 20:22:48,466 [INFO ] step_definitions.Array_Stepdef [main] User clicked Applications of Array page link
2023-02-17 20:22:49,162 [INFO ] step_definitions.Array_Stepdef [main] User in tryEditor page
2023-02-17 20:22:49,542 [INFO ] step_definitions.common_step_definition [main] Instantiation the commonutils
2023-02-17 20:22:49,542 [INFO ] step_definitions.common_step_definition [main] Launch Browser
2023-02-17 20:22:53,177 [INFO ] step_definitions.Array_Stepdef [main] User logged in sucessfully
2023-02-17 20:22:53,510 [INFO ] step_definitions.Array_Stepdef [main] User clicked Practice Questions
2023-02-17 20:22:53,517 [INFO ] step_definitions.Array_Stepdef [main] User in page practice
2023-02-17 20:22:54,003 [INFO ] step_definitions.common_step_definition [main] Instantiation the commonutils
2023-02-17 20:22:54,004 [INFO ] step_definitions.common_step_definition [main] Launch Browser
2023-02-17 20:22:55,043 [INFO ] step_definitions.Array_Stepdef [main] User logged in sucessfully
2023-02-17 20:22:55,204 [INFO ] step_definitions.Array_Stepdef [main] User clicked Applications of Array page link
2023-02-17 20:22:55,404 [INFO ] step_definitions.Array_Stepdef [main] User clicked practice question page
2023-02-17 20:22:55,750 [INFO ] step_definitions.Array_Stepdef [main] User clicked Search the array link
2023-02-17 20:22:55,757 [INFO ] step_definitions.Array_Stepdef [main] User in question page
2023-02-17 20:22:55,758 [INFO ] step_definitions.Array_Stepdef [main] send text to editor print('dsalgo project test')
2023-02-17 20:22:56,446 [INFO ] step_definitions.Array_Stepdef [main] Arraylist count :2
2023-02-17 20:22:56,681 [INFO ] step_definitions.common_step_definition [main] Instantiation the commonutils
2023-02-17 20:22:56,682 [INFO ] step_definitions.common_step_definition [main] Launch Browser
2023-02-17 20:22:58,597 [INFO ] step_definitions.Array_Stepdef [main] User logged in sucessfully
2023-02-17 20:22:58,742 [INFO ] step_definitions.Array_Stepdef [main] User clicked Applications of Array page link
2023-02-17 20:22:58,883 [INFO ] step_definitions.Array_Stepdef [main] User clicked practice question page
2023-02-17 20:22:59,203 [INFO ] step_definitions.Array_Stepdef [main] User clicked Max Consecutive Ones link
2023-02-17 20:22:59,211 [INFO ] step_definitions.Array_Stepdef [main] User in question page
2023-02-17 20:22:59,211 [INFO ] step_definitions.Array_Stepdef [main] send text to editor print('dsalgo project test')
2023-02-17 20:22:59,249 [INFO ] step_definitions.Array_Stepdef [main] Arraylist count :2
2023-02-17 20:22:59,445 [INFO ] step_definitions.common_step_definition [main] Instantiation the commonutils
2023-02-17 20:22:59,446 [INFO ] step_definitions.common_step_definition [main] Launch Browser
2023-02-17 20:23:00,395 [INFO ] step_definitions.Array_Stepdef [main] User logged in sucessfully
2023-02-17 20:23:00,780 [INFO ] step_definitions.Array_Stepdef [main] User clicked Applications of Array page link
2023-02-17 20:23:01,081 [INFO ] step_definitions.Array_Stepdef [main] User clicked practice question page
2023-02-17 20:23:01,467 [INFO ] step_definitions.Array_Stepdef [main] User clicked Find Numbers with Even Number of Digits link
2023-02-17 20:23:01,480 [INFO ] step_definitions.Array_Stepdef [main] User in question page
2023-02-17 20:23:01,480 [INFO ] step_definitions.Array_Stepdef [main] send text to editor print('dsalgo project test')
2023-02-17 20:23:01,509 [INFO ] step_definitions.Array_Stepdef [main] Arraylist count :2
2023-02-17 20:23:01,728 [INFO ] step_definitions.common_step_definition [main] Instantiation the commonutils
2023-02-17 20:23:01,728 [INFO ] step_definitions.common_step_definition [main] Launch Browser
2023-02-17 20:23:02,766 [INFO ] step_definitions.Array_Stepdef [main] User logged in sucessfully
2023-02-17 20:23:02,934 [INFO ] step_definitions.Array_Stepdef [main] User clicked Applications of Array page link
2023-02-17 20:23:03,120 [INFO ] step_definitions.Array_Stepdef [main] User clicked practice question page
2023-02-17 20:23:03,485 [INFO ] step_definitions.Array_Stepdef [main] User clicked Squares of a Sorted Array link
2023-02-17 20:23:03,495 [INFO ] step_definitions.Array_Stepdef [main] User in question page
2023-02-17 20:23:03,495 [INFO ] step_definitions.Array_Stepdef [main] send text to editor print('dsalgo project test')
2023-02-17 20:23:03,518 [INFO ] step_definitions.Array_Stepdef [main] Arraylist count :2
2023-02-17 21:53:22,420 [INFO ] step_definitions.common_step_definition [main] Instantiation the commonutils
2023-02-17 21:53:22,427 [INFO ] step_definitions.common_step_definition [main] Launch Browser
2023-02-17 21:53:30,511 [INFO ] step_definitions.Array_Stepdef [main] User logged in sucessfully
2023-02-17 21:53:31,210 [INFO ] step_definitions.Array_Stepdef [main] User clicked Arrays in Python
2023-02-17 21:53:31,228 [INFO ] step_definitions.Array_Stepdef [main] User in page arrays-in-python
2023-02-17 21:53:31,785 [INFO ] step_definitions.common_step_definition [main] Instantiation the commonutils
2023-02-17 21:53:31,786 [INFO ] step_definitions.common_step_definition [main] Launch Browser
2023-02-17 21:53:32,880 [INFO ] step_definitions.Array_Stepdef [main] User logged in sucessfully
2023-02-17 21:53:33,097 [INFO ] step_definitions.Array_Stepdef [main] User clicked Arrays in Python
2023-02-17 21:53:34,249 [INFO ] step_definitions.Array_Stepdef [main] User in tryEditor page
2023-02-17 21:53:34,653 [INFO ] step_definitions.common_step_definition [main] Instantiation the commonutils
2023-02-17 21:53:34,654 [INFO ] step_definitions.common_step_definition [main] Launch Browser
2023-02-17 21:53:39,446 [INFO ] step_definitions.Array_Stepdef [main] User logged in sucessfully
2023-02-17 21:53:39,728 [INFO ] step_definitions.Array_Stepdef [main] User clicked Arrays using List
2023-02-17 21:53:39,937 [INFO ] step_definitions.common_step_definition [main] Instantiation the commonutils
2023-02-17 21:53:39,938 [INFO ] step_definitions.common_step_definition [main] Launch Browser
2023-02-17 21:53:40,858 [INFO ] step_definitions.Array_Stepdef [main] User in tryEditor page
2023-02-17 21:53:41,155 [INFO ] step_definitions.common_step_definition [main] Instantiation the commonutils
2023-02-17 21:53:41,155 [INFO ] step_definitions.common_step_definition [main] Launch Browser
2023-02-17 21:53:44,463 [INFO ] step_definitions.Array_Stepdef [main] User logged in sucessfully
2023-02-17 21:53:45,169 [INFO ] step_definitions.Array_Stepdef [main] User clicked Basic Operations in List
2023-02-17 21:53:45,213 [INFO ] step_definitions.Array_Stepdef [main] User in page basic-operations-in-lists
2023-02-17 21:53:45,524 [INFO ] step_definitions.common_step_definition [main] Instantiation the commonutils
2023-02-17 21:53:45,524 [INFO ] step_definitions.common_step_definition [main] Launch Browser
2023-02-17 21:53:46,642 [INFO ] step_definitions.Array_Stepdef [main] User logged in sucessfully
2023-02-17 21:53:46,953 [INFO ] step_definitions.Array_Stepdef [main] User clicked Basic Operations in List page link
2023-02-17 21:53:47,686 [INFO ] step_definitions.Array_Stepdef [main] User in tryEditor page
2023-02-17 21:53:48,110 [INFO ] step_definitions.common_step_definition [main] Instantiation the commonutils
2023-02-17 21:53:48,111 [INFO ] step_definitions.common_step_definition [main] Launch Browser
2023-02-17 21:53:52,046 [INFO ] step_definitions.Array_Stepdef [main] User logged in sucessfully
2023-02-17 21:53:52,705 [INFO ] step_definitions.Array_Stepdef [main] User clicked Applications of Array
2023-02-17 21:53:52,810 [INFO ] step_definitions.Array_Stepdef [main] User in page applications-of-array
2023-02-17 21:53:53,389 [INFO ] step_definitions.common_step_definition [main] Instantiation the commonutils
2023-02-17 21:53:53,390 [INFO ] step_definitions.common_step_definition [main] Launch Browser
2023-02-17 21:53:54,764 [INFO ] step_definitions.Array_Stepdef [main] User logged in sucessfully
2023-02-17 21:53:55,074 [INFO ] step_definitions.Array_Stepdef [main] User clicked Applications of Array page link
2023-02-17 21:53:56,179 [INFO ] step_definitions.Array_Stepdef [main] User in tryEditor page
2023-02-17 21:53:57,137 [INFO ] step_definitions.common_step_definition [main] Instantiation the commonutils
2023-02-17 21:53:57,139 [INFO ] step_definitions.common_step_definition [main] Launch Browser
2023-02-17 21:54:01,081 [INFO ] step_definitions.Array_Stepdef [main] User logged in sucessfully
2023-02-17 21:54:01,700 [INFO ] step_definitions.Array_Stepdef [main] User clicked Practice Questions
2023-02-17 21:54:01,724 [INFO ] step_definitions.Array_Stepdef [main] User in page practice
2023-02-17 21:54:02,570 [INFO ] step_definitions.common_step_definition [main] Instantiation the commonutils
2023-02-17 21:54:02,570 [INFO ] step_definitions.common_step_definition [main] Launch Browser
2023-02-17 21:54:03,992 [INFO ] step_definitions.Array_Stepdef [main] User logged in sucessfully
2023-02-17 21:54:04,182 [INFO ] step_definitions.Array_Stepdef [main] User clicked Applications of Array page link
2023-02-17 21:54:04,365 [INFO ] step_definitions.Array_Stepdef [main] User clicked practice question page
2023-02-17 21:54:04,725 [INFO ] step_definitions.Array_Stepdef [main] User clicked Search the array link
2023-02-17 21:54:04,731 [INFO ] step_definitions.Array_Stepdef [main] User in question page
2023-02-17 21:54:04,731 [INFO ] step_definitions.Array_Stepdef [main] send text to editor print('dsalgo project test')
2023-02-17 21:54:05,931 [INFO ] step_definitions.Array_Stepdef [main] Arraylist count :2
2023-02-17 21:54:06,359 [INFO ] step_definitions.common_step_definition [main] Instantiation the commonutils
2023-02-17 21:54:06,360 [INFO ] step_definitions.common_step_definition [main] Launch Browser
2023-02-17 21:54:07,315 [INFO ] step_definitions.Array_Stepdef [main] User logged in sucessfully
2023-02-17 21:54:07,515 [INFO ] step_definitions.Array_Stepdef [main] User clicked Applications of Array page link
2023-02-17 21:54:07,827 [INFO ] step_definitions.Array_Stepdef [main] User clicked practice question page
2023-02-17 21:54:08,116 [INFO ] step_definitions.Array_Stepdef [main] User clicked Max Consecutive Ones link
2023-02-17 21:54:08,128 [INFO ] step_definitions.Array_Stepdef [main] User in question page
2023-02-17 21:54:08,128 [INFO ] step_definitions.Array_Stepdef [main] send text to editor print('dsalgo project test')
2023-02-17 21:54:08,165 [INFO ] step_definitions.Array_Stepdef [main] Arraylist count :2
2023-02-17 21:54:08,423 [INFO ] step_definitions.common_step_definition [main] Instantiation the commonutils
2023-02-17 21:54:08,424 [INFO ] step_definitions.common_step_definition [main] Launch Browser
2023-02-17 21:54:09,910 [INFO ] step_definitions.Array_Stepdef [main] User logged in sucessfully
2023-02-17 21:54:10,146 [INFO ] step_definitions.Array_Stepdef [main] User clicked Applications of Array page link
2023-02-17 21:54:10,413 [INFO ] step_definitions.Array_Stepdef [main] User clicked practice question page
2023-02-17 21:54:10,765 [INFO ] step_definitions.Array_Stepdef [main] User clicked Find Numbers with Even Number of Digits link
2023-02-17 21:54:10,776 [INFO ] step_definitions.Array_Stepdef [main] User in question page
2023-02-17 21:54:10,776 [INFO ] step_definitions.Array_Stepdef [main] send text to editor print('dsalgo project test')
2023-02-17 21:54:10,810 [INFO ] step_definitions.Array_Stepdef [main] Arraylist count :2
2023-02-17 21:54:11,075 [INFO ] step_definitions.common_step_definition [main] Instantiation the commonutils
2023-02-17 21:54:11,075 [INFO ] step_definitions.common_step_definition [main] Launch Browser
2023-02-17 21:54:11,962 [INFO ] step_definitions.Array_Stepdef [main] User logged in sucessfully
2023-02-17 21:54:12,141 [INFO ] step_definitions.Array_Stepdef [main] User clicked Applications of Array page link
2023-02-17 21:54:12,317 [INFO ] step_definitions.Array_Stepdef [main] User clicked practice question page
2023-02-17 21:54:12,526 [INFO ] step_definitions.Array_Stepdef [main] User clicked Squares of a Sorted Array link
2023-02-17 21:54:12,532 [INFO ] step_definitions.Array_Stepdef [main] User in question page
2023-02-17 21:54:12,532 [INFO ] step_definitions.Array_Stepdef [main] send text to editor print('dsalgo project test')
2023-02-17 21:54:12,589 [INFO ] step_definitions.Array_Stepdef [main] Arraylist count :2
2023-02-17 22:39:07,101 [INFO ] step_definitions.common_step_definition [main] Instantiation the commonutils
2023-02-17 22:39:07,109 [INFO ] step_definitions.common_step_definition [main] Launch Browser
2023-02-17 22:39:16,058 [INFO ] step_definitions.Array_Stepdef [main] User logged in sucessfully
2023-02-17 22:39:16,464 [INFO ] step_definitions.Array_Stepdef [main] User clicked Arrays in Python
2023-02-17 22:39:16,478 [INFO ] step_definitions.Array_Stepdef [main] User in page arrays-in-python
2023-02-17 22:39:16,956 [INFO ] step_definitions.common_step_definition [main] Instantiation the commonutils
2023-02-17 22:39:16,958 [INFO ] step_definitions.common_step_definition [main] Launch Browser
2023-02-17 22:39:18,119 [INFO ] step_definitions.Array_Stepdef [main] User logged in sucessfully
2023-02-17 22:39:18,348 [INFO ] step_definitions.Array_Stepdef [main] User clicked Arrays in Python
2023-02-17 22:39:20,307 [INFO ] step_definitions.Array_Stepdef [main] User in tryEditor page
2023-02-17 22:39:21,146 [INFO ] step_definitions.common_step_definition [main] Instantiation the commonutils
2023-02-17 22:39:21,147 [INFO ] step_definitions.common_step_definition [main] Launch Browser
2023-02-17 22:39:24,602 [INFO ] step_definitions.Array_Stepdef [main] User logged in sucessfully
2023-02-17 22:39:25,096 [INFO ] step_definitions.Array_Stepdef [main] User clicked Arrays using List
2023-02-17 22:39:25,482 [INFO ] step_definitions.common_step_definition [main] Instantiation the commonutils
2023-02-17 22:39:25,482 [INFO ] step_definitions.common_step_definition [main] Launch Browser
2023-02-17 22:39:26,314 [INFO ] step_definitions.Array_Stepdef [main] User in tryEditor page
2023-02-17 22:39:26,733 [INFO ] step_definitions.common_step_definition [main] Instantiation the commonutils
2023-02-17 22:39:26,734 [INFO ] step_definitions.common_step_definition [main] Launch Browser
2023-02-17 22:39:30,633 [INFO ] step_definitions.Array_Stepdef [main] User logged in sucessfully
2023-02-17 22:39:31,046 [INFO ] step_definitions.Array_Stepdef [main] User clicked Basic Operations in List
2023-02-17 22:39:31,063 [INFO ] step_definitions.Array_Stepdef [main] User in page basic-operations-in-lists
2023-02-17 22:39:31,464 [INFO ] step_definitions.common_step_definition [main] Instantiation the commonutils
2023-02-17 22:39:31,464 [INFO ] step_definitions.common_step_definition [main] Launch Browser
2023-02-17 22:39:32,666 [INFO ] step_definitions.Array_Stepdef [main] User logged in sucessfully
2023-02-17 22:39:32,899 [INFO ] step_definitions.Array_Stepdef [main] User clicked Basic Operations in List page link
2023-02-17 22:39:33,679 [INFO ] step_definitions.Array_Stepdef [main] User in tryEditor page
2023-02-17 22:39:34,069 [INFO ] step_definitions.common_step_definition [main] Instantiation the commonutils
2023-02-17 22:39:34,070 [INFO ] step_definitions.common_step_definition [main] Launch Browser
2023-02-17 22:39:37,552 [INFO ] step_definitions.Array_Stepdef [main] User logged in sucessfully
2023-02-17 22:39:37,802 [INFO ] step_definitions.Array_Stepdef [main] User clicked Applications of Array
2023-02-17 22:39:37,817 [INFO ] step_definitions.Array_Stepdef [main] User in page applications-of-array
2023-02-17 22:39:38,064 [INFO ] step_definitions.common_step_definition [main] Instantiation the commonutils
2023-02-17 22:39:38,065 [INFO ] step_definitions.common_step_definition [main] Launch Browser
2023-02-17 22:39:40,098 [INFO ] step_definitions.Array_Stepdef [main] User logged in sucessfully
2023-02-17 22:39:40,287 [INFO ] step_definitions.Array_Stepdef [main] User clicked Applications of Array page link
2023-02-17 22:39:41,035 [INFO ] step_definitions.Array_Stepdef [main] User in tryEditor page
2023-02-17 22:39:41,402 [INFO ] step_definitions.common_step_definition [main] Instantiation the commonutils
2023-02-17 22:39:41,402 [INFO ] step_definitions.common_step_definition [main] Launch Browser
2023-02-17 22:39:44,776 [INFO ] step_definitions.Array_Stepdef [main] User logged in sucessfully
2023-02-17 22:39:45,200 [INFO ] step_definitions.Array_Stepdef [main] User clicked Practice Questions
2023-02-17 22:39:45,219 [INFO ] step_definitions.Array_Stepdef [main] User in page practice
2023-02-17 22:39:45,741 [INFO ] step_definitions.common_step_definition [main] Instantiation the commonutils
2023-02-17 22:39:45,742 [INFO ] step_definitions.common_step_definition [main] Launch Browser
2023-02-17 22:39:46,968 [INFO ] step_definitions.Array_Stepdef [main] User logged in sucessfully
2023-02-17 22:39:47,153 [INFO ] step_definitions.Array_Stepdef [main] User clicked Applications of Array page link
2023-02-17 22:39:47,334 [INFO ] step_definitions.Array_Stepdef [main] User clicked practice question page
2023-02-17 22:39:47,737 [INFO ] step_definitions.Array_Stepdef [main] User clicked Search the array link
2023-02-17 22:39:47,748 [INFO ] step_definitions.Array_Stepdef [main] User in question page
2023-02-17 22:39:47,748 [INFO ] step_definitions.Array_Stepdef [main] send text to editor print('dsalgo project test')
2023-02-17 22:39:48,630 [INFO ] step_definitions.Array_Stepdef [main] Arraylist count :2
2023-02-17 22:39:49,229 [INFO ] step_definitions.common_step_definition [main] Instantiation the commonutils
2023-02-17 22:39:49,230 [INFO ] step_definitions.common_step_definition [main] Launch Browser
2023-02-17 22:39:50,350 [INFO ] step_definitions.Array_Stepdef [main] User logged in sucessfully
2023-02-17 22:39:50,548 [INFO ] step_definitions.Array_Stepdef [main] User clicked Applications of Array page link
2023-02-17 22:39:50,733 [INFO ] step_definitions.Array_Stepdef [main] User clicked practice question page
2023-02-17 22:39:50,983 [INFO ] step_definitions.Array_Stepdef [main] User clicked Max Consecutive Ones link
2023-02-17 22:39:50,994 [INFO ] step_definitions.Array_Stepdef [main] User in question page
2023-02-17 22:39:50,994 [INFO ] step_definitions.Array_Stepdef [main] send text to editor print('dsalgo project test')
2023-02-17 22:39:51,030 [INFO ] step_definitions.Array_Stepdef [main] Arraylist count :2
2023-02-17 22:39:51,290 [INFO ] step_definitions.common_step_definition [main] Instantiation the commonutils
2023-02-17 22:39:51,290 [INFO ] step_definitions.common_step_definition [main] Launch Browser
2023-02-17 22:39:52,280 [INFO ] step_definitions.Array_Stepdef [main] User logged in sucessfully
2023-02-17 22:39:52,840 [INFO ] step_definitions.Array_Stepdef [main] User clicked Applications of Array page link
2023-02-17 22:39:53,095 [INFO ] step_definitions.Array_Stepdef [main] User clicked practice question page
2023-02-17 22:39:53,382 [INFO ] step_definitions.Array_Stepdef [main] User clicked Find Numbers with Even Number of Digits link
2023-02-17 22:39:53,412 [INFO ] step_definitions.Array_Stepdef [main] User in question page
2023-02-17 22:39:53,412 [INFO ] step_definitions.Array_Stepdef [main] send text to editor print('dsalgo project test')
2023-02-17 22:39:53,444 [INFO ] step_definitions.Array_Stepdef [main] Arraylist count :2
2023-02-17 22:39:53,808 [INFO ] step_definitions.common_step_definition [main] Instantiation the commonutils
2023-02-17 22:39:53,808 [INFO ] step_definitions.common_step_definition [main] Launch Browser
2023-02-17 22:39:54,840 [INFO ] step_definitions.Array_Stepdef [main] User logged in sucessfully
2023-02-17 22:39:55,066 [INFO ] step_definitions.Array_Stepdef [main] User clicked Applications of Array page link
2023-02-17 22:39:55,280 [INFO ] step_definitions.Array_Stepdef [main] User clicked practice question page
2023-02-17 22:39:55,684 [INFO ] step_definitions.Array_Stepdef [main] User clicked Squares of a Sorted Array link
2023-02-17 22:39:55,704 [INFO ] step_definitions.Array_Stepdef [main] User in question page
2023-02-17 22:39:55,704 [INFO ] step_definitions.Array_Stepdef [main] send text to editor print('dsalgo project test')
2023-02-17 22:39:55,745 [INFO ] step_definitions.Array_Stepdef [main] Arraylist count :2
